# JRE version: Java(TM) SE Runtime Environment (8.0_65-b17) (build 1.8.0_65-b17)
# Java VM: Java HotSpot(TM) 64-Bit Server VM (25.65-b01 mixed mode windows-amd64 compressed oops)
Heap:
 PSYoungGen      total 13312K, used 7105K [0x00000000f1f00000, 0x00000000f2d80000, 0x0000000100000000)
  eden space 11776K, 60% used [0x00000000f1f00000,0x00000000f25f06b0,0x00000000f2a80000)
  from space 1536K, 0% used [0x00000000f2c00000,0x00000000f2c00000,0x00000000f2d80000)
  to   space 1536K, 0% used [0x00000000f2a80000,0x00000000f2a80000,0x00000000f2c00000)
 ParOldGen       total 41984K, used 15253K [0x00000000d5c00000, 0x00000000d8500000, 0x00000000f1f00000)
  object space 41984K, 36% used [0x00000000d5c00000,0x00000000d6ae5550,0x00000000d8500000)
 Metaspace       used 21831K, capacity 22880K, committed 23168K, reserved 1069056K
  class space    used 3103K, capacity 3348K, committed 3456K, reserved 1048576K
GC Heap History (10 events):
Event: 2.430 GC heap before
{Heap before GC invocations=3 (full 0):
 PSYoungGen      total 13312K, used 13280K [0x00000000f1f00000, 0x00000000f2d80000, 0x0000000100000000)
  eden space 11776K, 100% used [0x00000000f1f00000,0x00000000f2a80000,0x00000000f2a80000)
  from space 1536K, 97% used [0x00000000f2c00000,0x00000000f2d78040,0x00000000f2d80000)
  to   space 1536K, 0% used [0x00000000f2a80000,0x00000000f2a80000,0x00000000f2c00000)
 ParOldGen       total 30208K, used 4313K [0x00000000d5c00000, 0x00000000d7980000, 0x00000000f1f00000)
  object space 30208K, 14% used [0x00000000d5c00000,0x00000000d6036420,0x00000000d7980000)
 Metaspace       used 17010K, capacity 17572K, committed 17792K, reserved 1064960K
  class space    used 2220K, capacity 2388K, committed 2432K, reserved 1048576K
Event: 2.437 GC heap after
Heap after GC invocations=3 (full 0):
 PSYoungGen      total 13312K, used 1504K [0x00000000f1f00000, 0x00000000f2d80000, 0x0000000100000000)
  eden space 11776K, 0% used [0x00000000f1f00000,0x00000000f1f00000,0x00000000f2a80000)
  from space 1536K, 97% used [0x00000000f2a80000,0x00000000f2bf8010,0x00000000f2c00000)
  to   space 1536K, 0% used [0x00000000f2c00000,0x00000000f2c00000,0x00000000f2d80000)
 ParOldGen       total 30208K, used 6181K [0x00000000d5c00000, 0x00000000d7980000, 0x00000000f1f00000)
  object space 30208K, 20% used [0x00000000d5c00000,0x00000000d6209528,0x00000000d7980000)
 Metaspace       used 17010K, capacity 17572K, committed 17792K, reserved 1064960K
  class space    used 2220K, capacity 2388K, committed 2432K, reserved 1048576K
}
Event: 3.245 GC heap before
{Heap before GC invocations=4 (full 0):
 PSYoungGen      total 13312K, used 13279K [0x00000000f1f00000, 0x00000000f2d80000, 0x0000000100000000)
  eden space 11776K, 99% used [0x00000000f1f00000,0x00000000f2a7fd80,0x00000000f2a80000)
  from space 1536K, 97% used [0x00000000f2a80000,0x00000000f2bf8010,0x00000000f2c00000)
  to   space 1536K, 0% used [0x00000000f2c00000,0x00000000f2c00000,0x00000000f2d80000)
 ParOldGen       total 30208K, used 6181K [0x00000000d5c00000, 0x00000000d7980000, 0x00000000f1f00000)
  object space 30208K, 20% used [0x00000000d5c00000,0x00000000d6209528,0x00000000d7980000)
 Metaspace       used 19081K, capacity 19794K, committed 19968K, reserved 1067008K
  class space    used 2571K, capacity 2735K, committed 2816K, reserved 1048576K
Event: 3.255 GC heap after
Heap after GC invocations=4 (full 0):
 PSYoungGen      total 13312K, used 1504K [0x00000000f1f00000, 0x00000000f2d80000, 0x0000000100000000)
  eden space 11776K, 0% used [0x00000000f1f00000,0x00000000f1f00000,0x00000000f2a80000)
  from space 1536K, 97% used [0x00000000f2c00000,0x00000000f2d78010,0x00000000f2d80000)
  to   space 1536K, 0% used [0x00000000f2a80000,0x00000000f2a80000,0x00000000f2c00000)
 ParOldGen       total 30208K, used 8779K [0x00000000d5c00000, 0x00000000d7980000, 0x00000000f1f00000)
  object space 30208K, 29% used [0x00000000d5c00000,0x00000000d6492ea8,0x00000000d7980000)
 Metaspace       used 19081K, capacity 19794K, committed 19968K, reserved 1067008K
  class space    used 2571K, capacity 2735K, committed 2816K, reserved 1048576K
}
Event: 3.501 GC heap before
{Heap before GC invocations=5 (full 0):
 PSYoungGen      total 13312K, used 13280K [0x00000000f1f00000, 0x00000000f2d80000, 0x0000000100000000)
  eden space 11776K, 100% used [0x00000000f1f00000,0x00000000f2a80000,0x00000000f2a80000)
  from space 1536K, 97% used [0x00000000f2c00000,0x00000000f2d78010,0x00000000f2d80000)
  to   space 1536K, 0% used [0x00000000f2a80000,0x00000000f2a80000,0x00000000f2c00000)
 ParOldGen       total 30208K, used 8779K [0x00000000d5c00000, 0x00000000d7980000, 0x00000000f1f00000)
  object space 30208K, 29% used [0x00000000d5c00000,0x00000000d6492ea8,0x00000000d7980000)
 Metaspace       used 19522K, capacity 20356K, committed 20608K, reserved 1067008K
  class space    used 2646K, capacity 2848K, committed 2944K, reserved 1048576K
Event: 3.510 GC heap after
Heap after GC invocations=5 (full 0):
 PSYoungGen      total 13312K, used 1508K [0x00000000f1f00000, 0x00000000f2d80000, 0x0000000100000000)
  eden space 11776K, 0% used [0x00000000f1f00000,0x00000000f1f00000,0x00000000f2a80000)
  from space 1536K, 98% used [0x00000000f2a80000,0x00000000f2bf90f0,0x00000000f2c00000)
  to   space 1536K, 0% used [0x00000000f2c00000,0x00000000f2c00000,0x00000000f2d80000)
 ParOldGen       total 30208K, used 17640K [0x00000000d5c00000, 0x00000000d7980000, 0x00000000f1f00000)
  object space 30208K, 58% used [0x00000000d5c00000,0x00000000d6d3a208,0x00000000d7980000)
 Metaspace       used 19522K, capacity 20356K, committed 20608K, reserved 1067008K
  class space    used 2646K, capacity 2848K, committed 2944K, reserved 1048576K
}
Event: 4.069 GC heap before
{Heap before GC invocations=6 (full 0):
 PSYoungGen      total 13312K, used 10384K [0x00000000f1f00000, 0x00000000f2d80000, 0x0000000100000000)
  eden space 11776K, 75% used [0x00000000f1f00000,0x00000000f27ab1a0,0x00000000f2a80000)
  from space 1536K, 98% used [0x00000000f2a80000,0x00000000f2bf90f0,0x00000000f2c00000)
  to   space 1536K, 0% used [0x00000000f2c00000,0x00000000f2c00000,0x00000000f2d80000)
 ParOldGen       total 30208K, used 17640K [0x00000000d5c00000, 0x00000000d7980000, 0x00000000f1f00000)
  object space 30208K, 58% used [0x00000000d5c00000,0x00000000d6d3a208,0x00000000d7980000)
 Metaspace       used 20237K, capacity 21108K, committed 21296K, reserved 1067008K
  class space    used 2736K, capacity 2922K, committed 2944K, reserved 1048576K
Event: 4.076 GC heap after
Heap after GC invocations=6 (full 0):
 PSYoungGen      total 13312K, used 1508K [0x00000000f1f00000, 0x00000000f2d80000, 0x0000000100000000)
  eden space 11776K, 0% used [0x00000000f1f00000,0x00000000f1f00000,0x00000000f2a80000)
  from space 1536K, 98% used [0x00000000f2c00000,0x00000000f2d790f0,0x00000000f2d80000)
  to   space 1536K, 0% used [0x00000000f2a80000,0x00000000f2a80000,0x00000000f2c00000)
 ParOldGen       total 30208K, used 18048K [0x00000000d5c00000, 0x00000000d7980000, 0x00000000f1f00000)
  object space 30208K, 59% used [0x00000000d5c00000,0x00000000d6da0208,0x00000000d7980000)
 Metaspace       used 20237K, capacity 21108K, committed 21296K, reserved 1067008K
  class space    used 2736K, capacity 2922K, committed 2944K, reserved 1048576K
}
Event: 4.076 GC heap before
{Heap before GC invocations=7 (full 1):
 PSYoungGen      total 13312K, used 1508K [0x00000000f1f00000, 0x00000000f2d80000, 0x0000000100000000)
  eden space 11776K, 0% used [0x00000000f1f00000,0x00000000f1f00000,0x00000000f2a80000)
  from space 1536K, 98% used [0x00000000f2c00000,0x00000000f2d790f0,0x00000000f2d80000)
  to   space 1536K, 0% used [0x00000000f2a80000,0x00000000f2a80000,0x00000000f2c00000)
 ParOldGen       total 30208K, used 18048K [0x00000000d5c00000, 0x00000000d7980000, 0x00000000f1f00000)
  object space 30208K, 59% used [0x00000000d5c00000,0x00000000d6da0208,0x00000000d7980000)
 Metaspace       used 20237K, capacity 21108K, committed 21296K, reserved 1067008K
  class space    used 2736K, capacity 2922K, committed 2944K, reserved 1048576K
Event: 4.146 GC heap after
Heap after GC invocations=7 (full 1):
 PSYoungGen      total 13312K, used 0K [0x00000000f1f00000, 0x00000000f2d80000, 0x0000000100000000)
  eden space 11776K, 0% used [0x00000000f1f00000,0x00000000f1f00000,0x00000000f2a80000)
  from space 1536K, 0% used [0x00000000f2c00000,0x00000000f2c00000,0x00000000f2d80000)
  to   space 1536K, 0% used [0x00000000f2a80000,0x00000000f2a80000,0x00000000f2c00000)
 ParOldGen       total 41984K, used 15253K [0x00000000d5c00000, 0x00000000d8500000, 0x00000000f1f00000)
  object space 41984K, 36% used [0x00000000d5c00000,0x00000000d6ae5550,0x00000000d8500000)
 Metaspace       used 20237K, capacity 21108K, committed 21296K, reserved 1067008K
  class space    used 2736K, capacity 2922K, committed 2944K, reserved 1048576K
}

