# JRE version: Java(TM) SE Runtime Environment (8.0_65-b17) (build 1.8.0_65-b17)
# Java VM: Java HotSpot(TM) 64-Bit Server VM (25.65-b01 mixed mode windows-amd64 compressed oops)
Heap:
 PSYoungGen      total 33792K, used 10423K [0x00000000f1f00000, 0x00000000f4a00000, 0x0000000100000000)
  eden space 23552K, 19% used [0x00000000f1f00000,0x00000000f2375e50,0x00000000f3600000)
  from space 10240K, 57% used [0x00000000f3600000,0x00000000f3bb8008,0x00000000f4000000)
  to   space 10240K, 0% used [0x00000000f4000000,0x00000000f4000000,0x00000000f4a00000)
 ParOldGen       total 38912K, used 15391K [0x00000000d5c00000, 0x00000000d8200000, 0x00000000f1f00000)
  object space 38912K, 39% used [0x00000000d5c00000,0x00000000d6b07d40,0x00000000d8200000)
 Metaspace       used 23778K, capacity 25340K, committed 25472K, reserved 1071104K
  class space    used 3409K, capacity 3668K, committed 3712K, reserved 1048576K
GC Heap History (10 events):
Event: 5.024 GC heap before
{Heap before GC invocations=4 (full 0):
 PSYoungGen      total 13312K, used 12764K [0x00000000f1f00000, 0x00000000f2d80000, 0x0000000100000000)
  eden space 11776K, 95% used [0x00000000f1f00000,0x00000000f29ff198,0x00000000f2a80000)
  from space 1536K, 97% used [0x00000000f2a80000,0x00000000f2bf8030,0x00000000f2c00000)
  to   space 1536K, 0% used [0x00000000f2c00000,0x00000000f2c00000,0x00000000f2d80000)
 ParOldGen       total 30208K, used 6254K [0x00000000d5c00000, 0x00000000d7980000, 0x00000000f1f00000)
  object space 30208K, 20% used [0x00000000d5c00000,0x00000000d621bbf0,0x00000000d7980000)
 Metaspace       used 19069K, capacity 19778K, committed 19968K, reserved 1067008K
  class space    used 2570K, capacity 2735K, committed 2816K, reserved 1048576K
Event: 5.037 GC heap after
Heap after GC invocations=4 (full 0):
 PSYoungGen      total 13312K, used 1504K [0x00000000f1f00000, 0x00000000f2d80000, 0x0000000100000000)
  eden space 11776K, 0% used [0x00000000f1f00000,0x00000000f1f00000,0x00000000f2a80000)
  from space 1536K, 97% used [0x00000000f2c00000,0x00000000f2d78020,0x00000000f2d80000)
  to   space 1536K, 0% used [0x00000000f2a80000,0x00000000f2a80000,0x00000000f2c00000)
 ParOldGen       total 30208K, used 8314K [0x00000000d5c00000, 0x00000000d7980000, 0x00000000f1f00000)
  object space 30208K, 27% used [0x00000000d5c00000,0x00000000d641ea98,0x00000000d7980000)
 Metaspace       used 19069K, capacity 19778K, committed 19968K, reserved 1067008K
  class space    used 2570K, capacity 2735K, committed 2816K, reserved 1048576K
}
Event: 5.209 GC heap before
{Heap before GC invocations=5 (full 0):
 PSYoungGen      total 13312K, used 13280K [0x00000000f1f00000, 0x00000000f2d80000, 0x0000000100000000)
  eden space 11776K, 100% used [0x00000000f1f00000,0x00000000f2a80000,0x00000000f2a80000)
  from space 1536K, 97% used [0x00000000f2c00000,0x00000000f2d78020,0x00000000f2d80000)
  to   space 1536K, 0% used [0x00000000f2a80000,0x00000000f2a80000,0x00000000f2c00000)
 ParOldGen       total 30208K, used 8314K [0x00000000d5c00000, 0x00000000d7980000, 0x00000000f1f00000)
  object space 30208K, 27% used [0x00000000d5c00000,0x00000000d641ea98,0x00000000d7980000)
 Metaspace       used 19413K, capacity 20220K, committed 20224K, reserved 1067008K
  class space    used 2629K, capacity 2814K, committed 2816K, reserved 1048576K
Event: 5.218 GC heap after
Heap after GC invocations=5 (full 0):
 PSYoungGen      total 13312K, used 1526K [0x00000000f1f00000, 0x00000000f4a00000, 0x0000000100000000)
  eden space 11776K, 0% used [0x00000000f1f00000,0x00000000f1f00000,0x00000000f2a80000)
  from space 1536K, 99% used [0x00000000f2a80000,0x00000000f2bfdaf8,0x00000000f2c00000)
  to   space 10240K, 0% used [0x00000000f4000000,0x00000000f4000000,0x00000000f4a00000)
 ParOldGen       total 30208K, used 17662K [0x00000000d5c00000, 0x00000000d7980000, 0x00000000f1f00000)
  object space 30208K, 58% used [0x00000000d5c00000,0x00000000d6d3fb78,0x00000000d7980000)
 Metaspace       used 19413K, capacity 20220K, committed 20224K, reserved 1067008K
  class space    used 2629K, capacity 2814K, committed 2816K, reserved 1048576K
}
Event: 5.614 GC heap before
{Heap before GC invocations=6 (full 0):
 PSYoungGen      total 13312K, used 10588K [0x00000000f1f00000, 0x00000000f4a00000, 0x0000000100000000)
  eden space 11776K, 76% used [0x00000000f1f00000,0x00000000f27d98e0,0x00000000f2a80000)
  from space 1536K, 99% used [0x00000000f2a80000,0x00000000f2bfdaf8,0x00000000f2c00000)
  to   space 10240K, 0% used [0x00000000f4000000,0x00000000f4000000,0x00000000f4a00000)
 ParOldGen       total 30208K, used 17662K [0x00000000d5c00000, 0x00000000d7980000, 0x00000000f1f00000)
  object space 30208K, 58% used [0x00000000d5c00000,0x00000000d6d3fb78,0x00000000d7980000)
 Metaspace       used 20236K, capacity 21152K, committed 21296K, reserved 1067008K
  class space    used 2735K, capacity 2920K, committed 2944K, reserved 1048576K
Event: 5.627 GC heap after
Heap after GC invocations=6 (full 0):
 PSYoungGen      total 33792K, used 2038K [0x00000000f1f00000, 0x00000000f4a00000, 0x0000000100000000)
  eden space 23552K, 0% used [0x00000000f1f00000,0x00000000f1f00000,0x00000000f3600000)
  from space 10240K, 19% used [0x00000000f4000000,0x00000000f41fdaf8,0x00000000f4a00000)
  to   space 10240K, 0% used [0x00000000f3600000,0x00000000f3600000,0x00000000f4000000)
 ParOldGen       total 30208K, used 17662K [0x00000000d5c00000, 0x00000000d7980000, 0x00000000f1f00000)
  object space 30208K, 58% used [0x00000000d5c00000,0x00000000d6d3fb78,0x00000000d7980000)
 Metaspace       used 20236K, capacity 21152K, committed 21296K, reserved 1067008K
  class space    used 2735K, capacity 2920K, committed 2944K, reserved 1048576K
}
Event: 5.627 GC heap before
{Heap before GC invocations=7 (full 1):
 PSYoungGen      total 33792K, used 2038K [0x00000000f1f00000, 0x00000000f4a00000, 0x0000000100000000)
  eden space 23552K, 0% used [0x00000000f1f00000,0x00000000f1f00000,0x00000000f3600000)
  from space 10240K, 19% used [0x00000000f4000000,0x00000000f41fdaf8,0x00000000f4a00000)
  to   space 10240K, 0% used [0x00000000f3600000,0x00000000f3600000,0x00000000f4000000)
 ParOldGen       total 30208K, used 17662K [0x00000000d5c00000, 0x00000000d7980000, 0x00000000f1f00000)
  object space 30208K, 58% used [0x00000000d5c00000,0x00000000d6d3fb78,0x00000000d7980000)
 Metaspace       used 20236K, capacity 21152K, committed 21296K, reserved 1067008K
  class space    used 2735K, capacity 2920K, committed 2944K, reserved 1048576K
Event: 5.672 GC heap after
Heap after GC invocations=7 (full 1):
 PSYoungGen      total 33792K, used 0K [0x00000000f1f00000, 0x00000000f4a00000, 0x0000000100000000)
  eden space 23552K, 0% used [0x00000000f1f00000,0x00000000f1f00000,0x00000000f3600000)
  from space 10240K, 0% used [0x00000000f4000000,0x00000000f4000000,0x00000000f4a00000)
  to   space 10240K, 0% used [0x00000000f3600000,0x00000000f3600000,0x00000000f4000000)
 ParOldGen       total 38912K, used 15383K [0x00000000d5c00000, 0x00000000d8200000, 0x00000000f1f00000)
  object space 38912K, 39% used [0x00000000d5c00000,0x00000000d6b05d40,0x00000000d8200000)
 Metaspace       used 20236K, capacity 21152K, committed 21296K, reserved 1067008K
  class space    used 2735K, capacity 2920K, committed 2944K, reserved 1048576K
}
Event: 7.059 GC heap before
{Heap before GC invocations=8 (full 1):
 PSYoungGen      total 33792K, used 23552K [0x00000000f1f00000, 0x00000000f4a00000, 0x0000000100000000)
  eden space 23552K, 100% used [0x00000000f1f00000,0x00000000f3600000,0x00000000f3600000)
  from space 10240K, 0% used [0x00000000f4000000,0x00000000f4000000,0x00000000f4a00000)
  to   space 10240K, 0% used [0x00000000f3600000,0x00000000f3600000,0x00000000f4000000)
 ParOldGen       total 38912K, used 15383K [0x00000000d5c00000, 0x00000000d8200000, 0x00000000f1f00000)
  object space 38912K, 39% used [0x00000000d5c00000,0x00000000d6b05d40,0x00000000d8200000)
 Metaspace       used 23709K, capacity 25340K, committed 25472K, reserved 1071104K
  class space    used 3409K, capacity 3668K, committed 3712K, reserved 1048576K
Event: 7.080 GC heap after
Heap after GC invocations=8 (full 1):
 PSYoungGen      total 33792K, used 5856K [0x00000000f1f00000, 0x00000000f4a00000, 0x0000000100000000)
  eden space 23552K, 0% used [0x00000000f1f00000,0x00000000f1f00000,0x00000000f3600000)
  from space 10240K, 57% used [0x00000000f3600000,0x00000000f3bb8008,0x00000000f4000000)
  to   space 10240K, 0% used [0x00000000f4000000,0x00000000f4000000,0x00000000f4a00000)
 ParOldGen       total 38912K, used 15391K [0x00000000d5c00000, 0x00000000d8200000, 0x00000000f1f00000)
  object space 38912K, 39% used [0x00000000d5c00000,0x00000000d6b07d40,0x00000000d8200000)
 Metaspace       used 23709K, capacity 25340K, committed 25472K, reserved 1071104K
  class space    used 3409K, capacity 3668K, committed 3712K, reserved 1048576K
}

