# JRE version: Java(TM) SE Runtime Environment (8.0_65-b17) (build 1.8.0_65-b17)
# Java VM: Java HotSpot(TM) 64-Bit Server VM (25.65-b01 mixed mode windows-amd64 compressed oops)
Heap:
 PSYoungGen      total 13312K, used 10815K [0x00000000f1f00000, 0x00000000f2d80000, 0x0000000100000000)
  eden space 11776K, 91% used [0x00000000f1f00000,0x00000000f298fc18,0x00000000f2a80000)
  from space 1536K, 0% used [0x00000000f2c00000,0x00000000f2c00000,0x00000000f2d80000)
  to   space 1536K, 0% used [0x00000000f2a80000,0x00000000f2a80000,0x00000000f2c00000)
 ParOldGen       total 30208K, used 15285K [0x00000000d5c00000, 0x00000000d7980000, 0x00000000f1f00000)
  object space 30208K, 50% used [0x00000000d5c00000,0x00000000d6aed5f0,0x00000000d7980000)
 Metaspace       used 22764K, capacity 24032K, committed 24320K, reserved 1071104K
  class space    used 3283K, capacity 3532K, committed 3584K, reserved 1048576K
GC Heap History (10 events):
Event: 2.473 GC heap before
{Heap before GC invocations=3 (full 0):
 PSYoungGen      total 13312K, used 13296K [0x00000000f1f00000, 0x00000000f2d80000, 0x0000000100000000)
  eden space 11776K, 100% used [0x00000000f1f00000,0x00000000f2a80000,0x00000000f2a80000)
  from space 1536K, 98% used [0x00000000f2c00000,0x00000000f2d7c030,0x00000000f2d80000)
  to   space 1536K, 0% used [0x00000000f2a80000,0x00000000f2a80000,0x00000000f2c00000)
 ParOldGen       total 30208K, used 4269K [0x00000000d5c00000, 0x00000000d7980000, 0x00000000f1f00000)
  object space 30208K, 14% used [0x00000000d5c00000,0x00000000d602b438,0x00000000d7980000)
 Metaspace       used 17005K, capacity 17556K, committed 17792K, reserved 1064960K
  class space    used 2220K, capacity 2388K, committed 2432K, reserved 1048576K
Event: 2.480 GC heap after
Heap after GC invocations=3 (full 0):
 PSYoungGen      total 13312K, used 1504K [0x00000000f1f00000, 0x00000000f2d80000, 0x0000000100000000)
  eden space 11776K, 0% used [0x00000000f1f00000,0x00000000f1f00000,0x00000000f2a80000)
  from space 1536K, 97% used [0x00000000f2a80000,0x00000000f2bf8020,0x00000000f2c00000)
  to   space 1536K, 0% used [0x00000000f2c00000,0x00000000f2c00000,0x00000000f2d80000)
 ParOldGen       total 30208K, used 6159K [0x00000000d5c00000, 0x00000000d7980000, 0x00000000f1f00000)
  object space 30208K, 20% used [0x00000000d5c00000,0x00000000d6203f10,0x00000000d7980000)
 Metaspace       used 17005K, capacity 17556K, committed 17792K, reserved 1064960K
  class space    used 2220K, capacity 2388K, committed 2432K, reserved 1048576K
}
Event: 3.856 GC heap before
{Heap before GC invocations=4 (full 0):
 PSYoungGen      total 13312K, used 13280K [0x00000000f1f00000, 0x00000000f2d80000, 0x0000000100000000)
  eden space 11776K, 100% used [0x00000000f1f00000,0x00000000f2a80000,0x00000000f2a80000)
  from space 1536K, 97% used [0x00000000f2a80000,0x00000000f2bf8020,0x00000000f2c00000)
  to   space 1536K, 0% used [0x00000000f2c00000,0x00000000f2c00000,0x00000000f2d80000)
 ParOldGen       total 30208K, used 6159K [0x00000000d5c00000, 0x00000000d7980000, 0x00000000f1f00000)
  object space 30208K, 20% used [0x00000000d5c00000,0x00000000d6203f10,0x00000000d7980000)
 Metaspace       used 19073K, capacity 19782K, committed 19968K, reserved 1067008K
  class space    used 2569K, capacity 2735K, committed 2816K, reserved 1048576K
Event: 3.865 GC heap after
Heap after GC invocations=4 (full 0):
 PSYoungGen      total 13312K, used 1526K [0x00000000f1f00000, 0x00000000f2d80000, 0x0000000100000000)
  eden space 11776K, 0% used [0x00000000f1f00000,0x00000000f1f00000,0x00000000f2a80000)
  from space 1536K, 99% used [0x00000000f2c00000,0x00000000f2d7db08,0x00000000f2d80000)
  to   space 1536K, 0% used [0x00000000f2a80000,0x00000000f2a80000,0x00000000f2c00000)
 ParOldGen       total 30208K, used 8729K [0x00000000d5c00000, 0x00000000d7980000, 0x00000000f1f00000)
  object space 30208K, 28% used [0x00000000d5c00000,0x00000000d64865c8,0x00000000d7980000)
 Metaspace       used 19073K, capacity 19782K, committed 19968K, reserved 1067008K
  class space    used 2569K, capacity 2735K, committed 2816K, reserved 1048576K
}
Event: 4.110 GC heap before
{Heap before GC invocations=5 (full 0):
 PSYoungGen      total 13312K, used 13302K [0x00000000f1f00000, 0x00000000f2d80000, 0x0000000100000000)
  eden space 11776K, 100% used [0x00000000f1f00000,0x00000000f2a80000,0x00000000f2a80000)
  from space 1536K, 99% used [0x00000000f2c00000,0x00000000f2d7db08,0x00000000f2d80000)
  to   space 1536K, 0% used [0x00000000f2a80000,0x00000000f2a80000,0x00000000f2c00000)
 ParOldGen       total 30208K, used 8729K [0x00000000d5c00000, 0x00000000d7980000, 0x00000000f1f00000)
  object space 30208K, 28% used [0x00000000d5c00000,0x00000000d64865c8,0x00000000d7980000)
 Metaspace       used 19518K, capacity 20344K, committed 20608K, reserved 1067008K
  class space    used 2644K, capacity 2848K, committed 2944K, reserved 1048576K
Event: 4.119 GC heap after
Heap after GC invocations=5 (full 0):
 PSYoungGen      total 13312K, used 1510K [0x00000000f1f00000, 0x00000000f2d80000, 0x0000000100000000)
  eden space 11776K, 0% used [0x00000000f1f00000,0x00000000f1f00000,0x00000000f2a80000)
  from space 1536K, 98% used [0x00000000f2a80000,0x00000000f2bf9bc0,0x00000000f2c00000)
  to   space 1536K, 0% used [0x00000000f2c00000,0x00000000f2c00000,0x00000000f2d80000)
 ParOldGen       total 30208K, used 17603K [0x00000000d5c00000, 0x00000000d7980000, 0x00000000f1f00000)
  object space 30208K, 58% used [0x00000000d5c00000,0x00000000d6d30d90,0x00000000d7980000)
 Metaspace       used 19518K, capacity 20344K, committed 20608K, reserved 1067008K
  class space    used 2644K, capacity 2848K, committed 2944K, reserved 1048576K
}
Event: 4.727 GC heap before
{Heap before GC invocations=6 (full 0):
 PSYoungGen      total 13312K, used 10092K [0x00000000f1f00000, 0x00000000f2d80000, 0x0000000100000000)
  eden space 11776K, 72% used [0x00000000f1f00000,0x00000000f2761518,0x00000000f2a80000)
  from space 1536K, 98% used [0x00000000f2a80000,0x00000000f2bf9bc0,0x00000000f2c00000)
  to   space 1536K, 0% used [0x00000000f2c00000,0x00000000f2c00000,0x00000000f2d80000)
 ParOldGen       total 30208K, used 17603K [0x00000000d5c00000, 0x00000000d7980000, 0x00000000f1f00000)
  object space 30208K, 58% used [0x00000000d5c00000,0x00000000d6d30d90,0x00000000d7980000)
 Metaspace       used 20251K, capacity 21164K, committed 21296K, reserved 1067008K
  class space    used 2736K, capacity 2922K, committed 2944K, reserved 1048576K
Event: 4.736 GC heap after
Heap after GC invocations=6 (full 0):
 PSYoungGen      total 13312K, used 1510K [0x00000000f1f00000, 0x00000000f2d80000, 0x0000000100000000)
  eden space 11776K, 0% used [0x00000000f1f00000,0x00000000f1f00000,0x00000000f2a80000)
  from space 1536K, 98% used [0x00000000f2c00000,0x00000000f2d79bc0,0x00000000f2d80000)
  to   space 1536K, 0% used [0x00000000f2a80000,0x00000000f2a80000,0x00000000f2c00000)
 ParOldGen       total 30208K, used 18023K [0x00000000d5c00000, 0x00000000d7980000, 0x00000000f1f00000)
  object space 30208K, 59% used [0x00000000d5c00000,0x00000000d6d99dd0,0x00000000d7980000)
 Metaspace       used 20251K, capacity 21164K, committed 21296K, reserved 1067008K
  class space    used 2736K, capacity 2922K, committed 2944K, reserved 1048576K
}
Event: 4.736 GC heap before
{Heap before GC invocations=7 (full 1):
 PSYoungGen      total 13312K, used 1510K [0x00000000f1f00000, 0x00000000f2d80000, 0x0000000100000000)
  eden space 11776K, 0% used [0x00000000f1f00000,0x00000000f1f00000,0x00000000f2a80000)
  from space 1536K, 98% used [0x00000000f2c00000,0x00000000f2d79bc0,0x00000000f2d80000)
  to   space 1536K, 0% used [0x00000000f2a80000,0x00000000f2a80000,0x00000000f2c00000)
 ParOldGen       total 30208K, used 18023K [0x00000000d5c00000, 0x00000000d7980000, 0x00000000f1f00000)
  object space 30208K, 59% used [0x00000000d5c00000,0x00000000d6d99dd0,0x00000000d7980000)
 Metaspace       used 20251K, capacity 21164K, committed 21296K, reserved 1067008K
  class space    used 2736K, capacity 2922K, committed 2944K, reserved 1048576K
Event: 4.793 GC heap after
Heap after GC invocations=7 (full 1):
 PSYoungGen      total 13312K, used 0K [0x00000000f1f00000, 0x00000000f2d80000, 0x0000000100000000)
  eden space 11776K, 0% used [0x00000000f1f00000,0x00000000f1f00000,0x00000000f2a80000)
  from space 1536K, 0% used [0x00000000f2c00000,0x00000000f2c00000,0x00000000f2d80000)
  to   space 1536K, 0% used [0x00000000f2a80000,0x00000000f2a80000,0x00000000f2c00000)
 ParOldGen       total 30208K, used 15285K [0x00000000d5c00000, 0x00000000d7980000, 0x00000000f1f00000)
  object space 30208K, 50% used [0x00000000d5c00000,0x00000000d6aed5f0,0x00000000d7980000)
 Metaspace       used 20251K, capacity 21164K, committed 21296K, reserved 1067008K
  class space    used 2736K, capacity 2922K, committed 2944K, reserved 1048576K
}

