# JRE version: Java(TM) SE Runtime Environment (8.0_65-b17) (build 1.8.0_65-b17)
# Java VM: Java HotSpot(TM) 64-Bit Server VM (25.65-b01 mixed mode windows-amd64 compressed oops)
Heap:
 PSYoungGen      total 33792K, used 14903K [0x00000000f1f00000, 0x00000000f4a00000, 0x0000000100000000)
  eden space 23552K, 63% used [0x00000000f1f00000,0x00000000f2d8dc18,0x00000000f3600000)
  from space 10240K, 0% used [0x00000000f4000000,0x00000000f4000000,0x00000000f4a00000)
  to   space 10240K, 0% used [0x00000000f3600000,0x00000000f3600000,0x00000000f4000000)
 ParOldGen       total 40448K, used 15348K [0x00000000d5c00000, 0x00000000d8380000, 0x00000000f1f00000)
  object space 40448K, 37% used [0x00000000d5c00000,0x00000000d6afd118,0x00000000d8380000)
 Metaspace       used 23187K, capacity 24670K, committed 24960K, reserved 1071104K
  class space    used 3340K, capacity 3601K, committed 3712K, reserved 1048576K
GC Heap History (10 events):
Event: 2.021 GC heap before
{Heap before GC invocations=3 (full 0):
 PSYoungGen      total 13312K, used 13280K [0x00000000f1f00000, 0x00000000f2d80000, 0x0000000100000000)
  eden space 11776K, 100% used [0x00000000f1f00000,0x00000000f2a80000,0x00000000f2a80000)
  from space 1536K, 97% used [0x00000000f2c00000,0x00000000f2d78050,0x00000000f2d80000)
  to   space 1536K, 0% used [0x00000000f2a80000,0x00000000f2a80000,0x00000000f2c00000)
 ParOldGen       total 30208K, used 4347K [0x00000000d5c00000, 0x00000000d7980000, 0x00000000f1f00000)
  object space 30208K, 14% used [0x00000000d5c00000,0x00000000d603ec00,0x00000000d7980000)
 Metaspace       used 16995K, capacity 17572K, committed 17792K, reserved 1064960K
  class space    used 2220K, capacity 2388K, committed 2432K, reserved 1048576K
Event: 2.028 GC heap after
Heap after GC invocations=3 (full 0):
 PSYoungGen      total 13312K, used 1520K [0x00000000f1f00000, 0x00000000f2d80000, 0x0000000100000000)
  eden space 11776K, 0% used [0x00000000f1f00000,0x00000000f1f00000,0x00000000f2a80000)
  from space 1536K, 98% used [0x00000000f2a80000,0x00000000f2bfc010,0x00000000f2c00000)
  to   space 1536K, 0% used [0x00000000f2c00000,0x00000000f2c00000,0x00000000f2d80000)
 ParOldGen       total 30208K, used 6197K [0x00000000d5c00000, 0x00000000d7980000, 0x00000000f1f00000)
  object space 30208K, 20% used [0x00000000d5c00000,0x00000000d620d728,0x00000000d7980000)
 Metaspace       used 16995K, capacity 17572K, committed 17792K, reserved 1064960K
  class space    used 2220K, capacity 2388K, committed 2432K, reserved 1048576K
}
Event: 2.771 GC heap before
{Heap before GC invocations=4 (full 0):
 PSYoungGen      total 13312K, used 12762K [0x00000000f1f00000, 0x00000000f2d80000, 0x0000000100000000)
  eden space 11776K, 95% used [0x00000000f1f00000,0x00000000f29faae0,0x00000000f2a80000)
  from space 1536K, 98% used [0x00000000f2a80000,0x00000000f2bfc010,0x00000000f2c00000)
  to   space 1536K, 0% used [0x00000000f2c00000,0x00000000f2c00000,0x00000000f2d80000)
 ParOldGen       total 30208K, used 6197K [0x00000000d5c00000, 0x00000000d7980000, 0x00000000f1f00000)
  object space 30208K, 20% used [0x00000000d5c00000,0x00000000d620d728,0x00000000d7980000)
 Metaspace       used 19070K, capacity 19790K, committed 19968K, reserved 1067008K
  class space    used 2572K, capacity 2735K, committed 2816K, reserved 1048576K
Event: 2.781 GC heap after
Heap after GC invocations=4 (full 0):
 PSYoungGen      total 13312K, used 1520K [0x00000000f1f00000, 0x00000000f2d80000, 0x0000000100000000)
  eden space 11776K, 0% used [0x00000000f1f00000,0x00000000f1f00000,0x00000000f2a80000)
  from space 1536K, 98% used [0x00000000f2c00000,0x00000000f2d7c010,0x00000000f2d80000)
  to   space 1536K, 0% used [0x00000000f2a80000,0x00000000f2a80000,0x00000000f2c00000)
 ParOldGen       total 30208K, used 8265K [0x00000000d5c00000, 0x00000000d7980000, 0x00000000f1f00000)
  object space 30208K, 27% used [0x00000000d5c00000,0x00000000d64125d0,0x00000000d7980000)
 Metaspace       used 19070K, capacity 19790K, committed 19968K, reserved 1067008K
  class space    used 2572K, capacity 2735K, committed 2816K, reserved 1048576K
}
Event: 2.923 GC heap before
{Heap before GC invocations=5 (full 0):
 PSYoungGen      total 13312K, used 13296K [0x00000000f1f00000, 0x00000000f2d80000, 0x0000000100000000)
  eden space 11776K, 100% used [0x00000000f1f00000,0x00000000f2a80000,0x00000000f2a80000)
  from space 1536K, 98% used [0x00000000f2c00000,0x00000000f2d7c010,0x00000000f2d80000)
  to   space 1536K, 0% used [0x00000000f2a80000,0x00000000f2a80000,0x00000000f2c00000)
 ParOldGen       total 30208K, used 8265K [0x00000000d5c00000, 0x00000000d7980000, 0x00000000f1f00000)
  object space 30208K, 27% used [0x00000000d5c00000,0x00000000d64125d0,0x00000000d7980000)
 Metaspace       used 19413K, capacity 20232K, committed 20480K, reserved 1067008K
  class space    used 2630K, capacity 2814K, committed 2816K, reserved 1048576K
Event: 2.931 GC heap after
Heap after GC invocations=5 (full 0):
 PSYoungGen      total 13312K, used 1520K [0x00000000f1f00000, 0x00000000f4a00000, 0x0000000100000000)
  eden space 11776K, 0% used [0x00000000f1f00000,0x00000000f1f00000,0x00000000f2a80000)
  from space 1536K, 98% used [0x00000000f2a80000,0x00000000f2bfc020,0x00000000f2c00000)
  to   space 10240K, 0% used [0x00000000f4000000,0x00000000f4000000,0x00000000f4a00000)
 ParOldGen       total 30208K, used 17637K [0x00000000d5c00000, 0x00000000d7980000, 0x00000000f1f00000)
  object space 30208K, 58% used [0x00000000d5c00000,0x00000000d6d394f8,0x00000000d7980000)
 Metaspace       used 19413K, capacity 20232K, committed 20480K, reserved 1067008K
  class space    used 2630K, capacity 2814K, committed 2816K, reserved 1048576K
}
Event: 3.368 GC heap before
{Heap before GC invocations=6 (full 0):
 PSYoungGen      total 13312K, used 10583K [0x00000000f1f00000, 0x00000000f4a00000, 0x0000000100000000)
  eden space 11776K, 76% used [0x00000000f1f00000,0x00000000f27d9ee8,0x00000000f2a80000)
  from space 1536K, 98% used [0x00000000f2a80000,0x00000000f2bfc020,0x00000000f2c00000)
  to   space 10240K, 0% used [0x00000000f4000000,0x00000000f4000000,0x00000000f4a00000)
 ParOldGen       total 30208K, used 17637K [0x00000000d5c00000, 0x00000000d7980000, 0x00000000f1f00000)
  object space 30208K, 58% used [0x00000000d5c00000,0x00000000d6d394f8,0x00000000d7980000)
 Metaspace       used 20222K, capacity 21104K, committed 21296K, reserved 1067008K
  class space    used 2734K, capacity 2920K, committed 2944K, reserved 1048576K
Event: 3.383 GC heap after
Heap after GC invocations=6 (full 0):
 PSYoungGen      total 33792K, used 2016K [0x00000000f1f00000, 0x00000000f4a00000, 0x0000000100000000)
  eden space 23552K, 0% used [0x00000000f1f00000,0x00000000f1f00000,0x00000000f3600000)
  from space 10240K, 19% used [0x00000000f4000000,0x00000000f41f8010,0x00000000f4a00000)
  to   space 10240K, 0% used [0x00000000f3600000,0x00000000f3600000,0x00000000f4000000)
 ParOldGen       total 30208K, used 17637K [0x00000000d5c00000, 0x00000000d7980000, 0x00000000f1f00000)
  object space 30208K, 58% used [0x00000000d5c00000,0x00000000d6d394f8,0x00000000d7980000)
 Metaspace       used 20222K, capacity 21104K, committed 21296K, reserved 1067008K
  class space    used 2734K, capacity 2920K, committed 2944K, reserved 1048576K
}
Event: 3.383 GC heap before
{Heap before GC invocations=7 (full 1):
 PSYoungGen      total 33792K, used 2016K [0x00000000f1f00000, 0x00000000f4a00000, 0x0000000100000000)
  eden space 23552K, 0% used [0x00000000f1f00000,0x00000000f1f00000,0x00000000f3600000)
  from space 10240K, 19% used [0x00000000f4000000,0x00000000f41f8010,0x00000000f4a00000)
  to   space 10240K, 0% used [0x00000000f3600000,0x00000000f3600000,0x00000000f4000000)
 ParOldGen       total 30208K, used 17637K [0x00000000d5c00000, 0x00000000d7980000, 0x00000000f1f00000)
  object space 30208K, 58% used [0x00000000d5c00000,0x00000000d6d394f8,0x00000000d7980000)
 Metaspace       used 20222K, capacity 21104K, committed 21296K, reserved 1067008K
  class space    used 2734K, capacity 2920K, committed 2944K, reserved 1048576K
Event: 3.447 GC heap after
Heap after GC invocations=7 (full 1):
 PSYoungGen      total 33792K, used 0K [0x00000000f1f00000, 0x00000000f4a00000, 0x0000000100000000)
  eden space 23552K, 0% used [0x00000000f1f00000,0x00000000f1f00000,0x00000000f3600000)
  from space 10240K, 0% used [0x00000000f4000000,0x00000000f4000000,0x00000000f4a00000)
  to   space 10240K, 0% used [0x00000000f3600000,0x00000000f3600000,0x00000000f4000000)
 ParOldGen       total 40448K, used 15348K [0x00000000d5c00000, 0x00000000d8380000, 0x00000000f1f00000)
  object space 40448K, 37% used [0x00000000d5c00000,0x00000000d6afd118,0x00000000d8380000)
 Metaspace       used 20222K, capacity 21104K, committed 21296K, reserved 1067008K
  class space    used 2734K, capacity 2920K, committed 2944K, reserved 1048576K
}

