# JRE version: Java(TM) SE Runtime Environment (8.0_65-b17) (build 1.8.0_65-b17)
# Java VM: Java HotSpot(TM) 64-Bit Server VM (25.65-b01 mixed mode windows-amd64 compressed oops)
Heap:
 PSYoungGen      total 33280K, used 4940K [0x00000000f1f00000, 0x00000000f4900000, 0x0000000100000000)
  eden space 23552K, 20% used [0x00000000f1f00000,0x00000000f23d32c8,0x00000000f3600000)
  from space 9728K, 0% used [0x00000000f3f80000,0x00000000f3f80000,0x00000000f4900000)
  to   space 9728K, 0% used [0x00000000f3600000,0x00000000f3600000,0x00000000f3f80000)
 ParOldGen       total 36352K, used 15386K [0x00000000d5c00000, 0x00000000d7f80000, 0x00000000f1f00000)
  object space 36352K, 42% used [0x00000000d5c00000,0x00000000d6b06b18,0x00000000d7f80000)
 Metaspace       used 21324K, capacity 22338K, committed 22528K, reserved 1069056K
  class space    used 2996K, capacity 3233K, committed 3328K, reserved 1048576K
GC Heap History (10 events):
Event: 24.152 GC heap before
{Heap before GC invocations=3 (full 0):
 PSYoungGen      total 13312K, used 13296K [0x00000000f1f00000, 0x00000000f2d80000, 0x0000000100000000)
  eden space 11776K, 100% used [0x00000000f1f00000,0x00000000f2a80000,0x00000000f2a80000)
  from space 1536K, 98% used [0x00000000f2c00000,0x00000000f2d7c060,0x00000000f2d80000)
  to   space 1536K, 0% used [0x00000000f2a80000,0x00000000f2a80000,0x00000000f2c00000)
 ParOldGen       total 30208K, used 4335K [0x00000000d5c00000, 0x00000000d7980000, 0x00000000f1f00000)
  object space 30208K, 14% used [0x00000000d5c00000,0x00000000d603bc58,0x00000000d7980000)
 Metaspace       used 17002K, capacity 17556K, committed 17792K, reserved 1064960K
  class space    used 2217K, capacity 2388K, committed 2432K, reserved 1048576K
Event: 24.160 GC heap after
Heap after GC invocations=3 (full 0):
 PSYoungGen      total 13312K, used 1520K [0x00000000f1f00000, 0x00000000f2d80000, 0x0000000100000000)
  eden space 11776K, 0% used [0x00000000f1f00000,0x00000000f1f00000,0x00000000f2a80000)
  from space 1536K, 98% used [0x00000000f2a80000,0x00000000f2bfc050,0x00000000f2c00000)
  to   space 1536K, 0% used [0x00000000f2c00000,0x00000000f2c00000,0x00000000f2d80000)
 ParOldGen       total 30208K, used 6229K [0x00000000d5c00000, 0x00000000d7980000, 0x00000000f1f00000)
  object space 30208K, 20% used [0x00000000d5c00000,0x00000000d6215740,0x00000000d7980000)
 Metaspace       used 17002K, capacity 17556K, committed 17792K, reserved 1064960K
  class space    used 2217K, capacity 2388K, committed 2432K, reserved 1048576K
}
Event: 30.022 GC heap before
{Heap before GC invocations=4 (full 0):
 PSYoungGen      total 13312K, used 13292K [0x00000000f1f00000, 0x00000000f2d80000, 0x0000000100000000)
  eden space 11776K, 99% used [0x00000000f1f00000,0x00000000f2a7f010,0x00000000f2a80000)
  from space 1536K, 98% used [0x00000000f2a80000,0x00000000f2bfc050,0x00000000f2c00000)
  to   space 1536K, 0% used [0x00000000f2c00000,0x00000000f2c00000,0x00000000f2d80000)
 ParOldGen       total 30208K, used 6229K [0x00000000d5c00000, 0x00000000d7980000, 0x00000000f1f00000)
  object space 30208K, 20% used [0x00000000d5c00000,0x00000000d6215740,0x00000000d7980000)
 Metaspace       used 19053K, capacity 19774K, committed 19968K, reserved 1067008K
  class space    used 2565K, capacity 2735K, committed 2816K, reserved 1048576K
Event: 30.031 GC heap after
Heap after GC invocations=4 (full 0):
 PSYoungGen      total 13312K, used 1526K [0x00000000f1f00000, 0x00000000f2d80000, 0x0000000100000000)
  eden space 11776K, 0% used [0x00000000f1f00000,0x00000000f1f00000,0x00000000f2a80000)
  from space 1536K, 99% used [0x00000000f2c00000,0x00000000f2d7db08,0x00000000f2d80000)
  to   space 1536K, 0% used [0x00000000f2a80000,0x00000000f2a80000,0x00000000f2c00000)
 ParOldGen       total 30208K, used 8819K [0x00000000d5c00000, 0x00000000d7980000, 0x00000000f1f00000)
  object space 30208K, 29% used [0x00000000d5c00000,0x00000000d649cde8,0x00000000d7980000)
 Metaspace       used 19053K, capacity 19774K, committed 19968K, reserved 1067008K
  class space    used 2565K, capacity 2735K, committed 2816K, reserved 1048576K
}
Event: 30.266 GC heap before
{Heap before GC invocations=5 (full 0):
 PSYoungGen      total 13312K, used 13302K [0x00000000f1f00000, 0x00000000f2d80000, 0x0000000100000000)
  eden space 11776K, 100% used [0x00000000f1f00000,0x00000000f2a80000,0x00000000f2a80000)
  from space 1536K, 99% used [0x00000000f2c00000,0x00000000f2d7db08,0x00000000f2d80000)
  to   space 1536K, 0% used [0x00000000f2a80000,0x00000000f2a80000,0x00000000f2c00000)
 ParOldGen       total 30208K, used 8819K [0x00000000d5c00000, 0x00000000d7980000, 0x00000000f1f00000)
  object space 30208K, 29% used [0x00000000d5c00000,0x00000000d649cde8,0x00000000d7980000)
 Metaspace       used 19489K, capacity 20328K, committed 20608K, reserved 1067008K
  class space    used 2639K, capacity 2846K, committed 2944K, reserved 1048576K
Event: 30.276 GC heap after
Heap after GC invocations=5 (full 0):
 PSYoungGen      total 13312K, used 1531K [0x00000000f1f00000, 0x00000000f4900000, 0x0000000100000000)
  eden space 11776K, 0% used [0x00000000f1f00000,0x00000000f1f00000,0x00000000f2a80000)
  from space 1536K, 99% used [0x00000000f2a80000,0x00000000f2bfec80,0x00000000f2c00000)
  to   space 9728K, 0% used [0x00000000f3f80000,0x00000000f3f80000,0x00000000f4900000)
 ParOldGen       total 30208K, used 17673K [0x00000000d5c00000, 0x00000000d7980000, 0x00000000f1f00000)
  object space 30208K, 58% used [0x00000000d5c00000,0x00000000d6d42500,0x00000000d7980000)
 Metaspace       used 19489K, capacity 20328K, committed 20608K, reserved 1067008K
  class space    used 2639K, capacity 2846K, committed 2944K, reserved 1048576K
}
Event: 30.855 GC heap before
{Heap before GC invocations=6 (full 0):
 PSYoungGen      total 13312K, used 9958K [0x00000000f1f00000, 0x00000000f4900000, 0x0000000100000000)
  eden space 11776K, 71% used [0x00000000f1f00000,0x00000000f273ad60,0x00000000f2a80000)
  from space 1536K, 99% used [0x00000000f2a80000,0x00000000f2bfec80,0x00000000f2c00000)
  to   space 9728K, 0% used [0x00000000f3f80000,0x00000000f3f80000,0x00000000f4900000)
 ParOldGen       total 30208K, used 17673K [0x00000000d5c00000, 0x00000000d7980000, 0x00000000f1f00000)
  object space 30208K, 58% used [0x00000000d5c00000,0x00000000d6d42500,0x00000000d7980000)
 Metaspace       used 20263K, capacity 21124K, committed 21248K, reserved 1067008K
  class space    used 2740K, capacity 2956K, committed 3072K, reserved 1048576K
Event: 30.863 GC heap after
Heap after GC invocations=6 (full 0):
 PSYoungGen      total 33280K, used 2075K [0x00000000f1f00000, 0x00000000f4900000, 0x0000000100000000)
  eden space 23552K, 0% used [0x00000000f1f00000,0x00000000f1f00000,0x00000000f3600000)
  from space 9728K, 21% used [0x00000000f3f80000,0x00000000f4186c80,0x00000000f4900000)
  to   space 9728K, 0% used [0x00000000f3600000,0x00000000f3600000,0x00000000f3f80000)
 ParOldGen       total 30208K, used 17673K [0x00000000d5c00000, 0x00000000d7980000, 0x00000000f1f00000)
  object space 30208K, 58% used [0x00000000d5c00000,0x00000000d6d42500,0x00000000d7980000)
 Metaspace       used 20263K, capacity 21124K, committed 21248K, reserved 1067008K
  class space    used 2740K, capacity 2956K, committed 3072K, reserved 1048576K
}
Event: 30.863 GC heap before
{Heap before GC invocations=7 (full 1):
 PSYoungGen      total 33280K, used 2075K [0x00000000f1f00000, 0x00000000f4900000, 0x0000000100000000)
  eden space 23552K, 0% used [0x00000000f1f00000,0x00000000f1f00000,0x00000000f3600000)
  from space 9728K, 21% used [0x00000000f3f80000,0x00000000f4186c80,0x00000000f4900000)
  to   space 9728K, 0% used [0x00000000f3600000,0x00000000f3600000,0x00000000f3f80000)
 ParOldGen       total 30208K, used 17673K [0x00000000d5c00000, 0x00000000d7980000, 0x00000000f1f00000)
  object space 30208K, 58% used [0x00000000d5c00000,0x00000000d6d42500,0x00000000d7980000)
 Metaspace       used 20263K, capacity 21124K, committed 21248K, reserved 1067008K
  class space    used 2740K, capacity 2956K, committed 3072K, reserved 1048576K
Event: 30.910 GC heap after
Heap after GC invocations=7 (full 1):
 PSYoungGen      total 33280K, used 0K [0x00000000f1f00000, 0x00000000f4900000, 0x0000000100000000)
  eden space 23552K, 0% used [0x00000000f1f00000,0x00000000f1f00000,0x00000000f3600000)
  from space 9728K, 0% used [0x00000000f3f80000,0x00000000f3f80000,0x00000000f4900000)
  to   space 9728K, 0% used [0x00000000f3600000,0x00000000f3600000,0x00000000f3f80000)
 ParOldGen       total 36352K, used 15386K [0x00000000d5c00000, 0x00000000d7f80000, 0x00000000f1f00000)
  object space 36352K, 42% used [0x00000000d5c00000,0x00000000d6b06b18,0x00000000d7f80000)
 Metaspace       used 20263K, capacity 21124K, committed 21248K, reserved 1067008K
  class space    used 2740K, capacity 2956K, committed 3072K, reserved 1048576K
}

