# JRE version: Java(TM) SE Runtime Environment (8.0_65-b17) (build 1.8.0_65-b17)
# Java VM: Java HotSpot(TM) 64-Bit Server VM (25.65-b01 mixed mode windows-amd64 compressed oops)
Heap:
 PSYoungGen      total 50176K, used 13312K [0x00000000f1f00000, 0x00000000f7b80000, 0x0000000100000000)
  eden space 36864K, 0% used [0x00000000f1f00000,0x00000000f1f00000,0x00000000f4300000)
  from space 13312K, 100% used [0x00000000f4300000,0x00000000f5000000,0x00000000f5000000)
  to   space 19456K, 0% used [0x00000000f6880000,0x00000000f6880000,0x00000000f7b80000)
 ParOldGen       total 38400K, used 29197K [0x00000000d5c00000, 0x00000000d8180000, 0x00000000f1f00000)
  object space 38400K, 76% used [0x00000000d5c00000,0x00000000d7883688,0x00000000d8180000)
 Metaspace       used 25729K, capacity 27478K, committed 27520K, reserved 1073152K
  class space    used 3590K, capacity 3929K, committed 3968K, reserved 1048576K
GC Heap History (10 events):
Event: 22.644 GC heap after
Heap after GC invocations=6 (full 0):
 PSYoungGen      total 33280K, used 2011K [0x00000000f1f00000, 0x00000000f4900000, 0x0000000100000000)
  eden space 23552K, 0% used [0x00000000f1f00000,0x00000000f1f00000,0x00000000f3600000)
  from space 9728K, 20% used [0x00000000f3f80000,0x00000000f4176c80,0x00000000f4900000)
  to   space 9728K, 0% used [0x00000000f3600000,0x00000000f3600000,0x00000000f3f80000)
 ParOldGen       total 30208K, used 17647K [0x00000000d5c00000, 0x00000000d7980000, 0x00000000f1f00000)
  object space 30208K, 58% used [0x00000000d5c00000,0x00000000d6d3be08,0x00000000d7980000)
 Metaspace       used 20253K, capacity 21108K, committed 21296K, reserved 1067008K
  class space    used 2735K, capacity 2922K, committed 2944K, reserved 1048576K
}
Event: 22.644 GC heap before
{Heap before GC invocations=7 (full 1):
 PSYoungGen      total 33280K, used 2011K [0x00000000f1f00000, 0x00000000f4900000, 0x0000000100000000)
  eden space 23552K, 0% used [0x00000000f1f00000,0x00000000f1f00000,0x00000000f3600000)
  from space 9728K, 20% used [0x00000000f3f80000,0x00000000f4176c80,0x00000000f4900000)
  to   space 9728K, 0% used [0x00000000f3600000,0x00000000f3600000,0x00000000f3f80000)
 ParOldGen       total 30208K, used 17647K [0x00000000d5c00000, 0x00000000d7980000, 0x00000000f1f00000)
  object space 30208K, 58% used [0x00000000d5c00000,0x00000000d6d3be08,0x00000000d7980000)
 Metaspace       used 20253K, capacity 21108K, committed 21296K, reserved 1067008K
  class space    used 2735K, capacity 2922K, committed 2944K, reserved 1048576K
Event: 22.738 GC heap after
Heap after GC invocations=7 (full 1):
 PSYoungGen      total 33280K, used 0K [0x00000000f1f00000, 0x00000000f4900000, 0x0000000100000000)
  eden space 23552K, 0% used [0x00000000f1f00000,0x00000000f1f00000,0x00000000f3600000)
  from space 9728K, 0% used [0x00000000f3f80000,0x00000000f3f80000,0x00000000f4900000)
  to   space 9728K, 0% used [0x00000000f3600000,0x00000000f3600000,0x00000000f3f80000)
 ParOldGen       total 38400K, used 15098K [0x00000000d5c00000, 0x00000000d8180000, 0x00000000f1f00000)
  object space 38400K, 39% used [0x00000000d5c00000,0x00000000d6abeac8,0x00000000d8180000)
 Metaspace       used 20253K, capacity 21108K, committed 21296K, reserved 1067008K
  class space    used 2735K, capacity 2922K, committed 2944K, reserved 1048576K
}
Event: 24.556 GC heap before
{Heap before GC invocations=8 (full 1):
 PSYoungGen      total 33280K, used 23552K [0x00000000f1f00000, 0x00000000f4900000, 0x0000000100000000)
  eden space 23552K, 100% used [0x00000000f1f00000,0x00000000f3600000,0x00000000f3600000)
  from space 9728K, 0% used [0x00000000f3f80000,0x00000000f3f80000,0x00000000f4900000)
  to   space 9728K, 0% used [0x00000000f3600000,0x00000000f3600000,0x00000000f3f80000)
 ParOldGen       total 38400K, used 15098K [0x00000000d5c00000, 0x00000000d8180000, 0x00000000f1f00000)
  object space 38400K, 39% used [0x00000000d5c00000,0x00000000d6abeac8,0x00000000d8180000)
 Metaspace       used 23718K, capacity 25268K, committed 25472K, reserved 1071104K
  class space    used 3410K, capacity 3702K, committed 3712K, reserved 1048576K
Event: 24.568 GC heap after
Heap after GC invocations=8 (full 1):
 PSYoungGen      total 33280K, used 5935K [0x00000000f1f00000, 0x00000000f5980000, 0x0000000100000000)
  eden space 23552K, 0% used [0x00000000f1f00000,0x00000000f1f00000,0x00000000f3600000)
  from space 9728K, 61% used [0x00000000f3600000,0x00000000f3bcbcc8,0x00000000f3f80000)
  to   space 9728K, 0% used [0x00000000f5000000,0x00000000f5000000,0x00000000f5980000)
 ParOldGen       total 38400K, used 15106K [0x00000000d5c00000, 0x00000000d8180000, 0x00000000f1f00000)
  object space 38400K, 39% used [0x00000000d5c00000,0x00000000d6ac0ac8,0x00000000d8180000)
 Metaspace       used 23718K, capacity 25268K, committed 25472K, reserved 1071104K
  class space    used 3410K, capacity 3702K, committed 3712K, reserved 1048576K
}
Event: 25.525 GC heap before
{Heap before GC invocations=9 (full 1):
 PSYoungGen      total 33280K, used 29487K [0x00000000f1f00000, 0x00000000f5980000, 0x0000000100000000)
  eden space 23552K, 100% used [0x00000000f1f00000,0x00000000f3600000,0x00000000f3600000)
  from space 9728K, 61% used [0x00000000f3600000,0x00000000f3bcbcc8,0x00000000f3f80000)
  to   space 9728K, 0% used [0x00000000f5000000,0x00000000f5000000,0x00000000f5980000)
 ParOldGen       total 38400K, used 15106K [0x00000000d5c00000, 0x00000000d8180000, 0x00000000f1f00000)
  object space 38400K, 39% used [0x00000000d5c00000,0x00000000d6ac0ac8,0x00000000d8180000)
 Metaspace       used 24375K, capacity 26052K, committed 26368K, reserved 1071104K
  class space    used 3452K, capacity 3756K, committed 3840K, reserved 1048576K
Event: 25.558 GC heap after
Heap after GC invocations=9 (full 1):
 PSYoungGen      total 46592K, used 9728K [0x00000000f1f00000, 0x00000000f6280000, 0x0000000100000000)
  eden space 36864K, 0% used [0x00000000f1f00000,0x00000000f1f00000,0x00000000f4300000)
  from space 9728K, 100% used [0x00000000f5000000,0x00000000f5980000,0x00000000f5980000)
  to   space 13312K, 0% used [0x00000000f4300000,0x00000000f4300000,0x00000000f5000000)
 ParOldGen       total 38400K, used 19274K [0x00000000d5c00000, 0x00000000d8180000, 0x00000000f1f00000)
  object space 38400K, 50% used [0x00000000d5c00000,0x00000000d6ed2b08,0x00000000d8180000)
 Metaspace       used 24375K, capacity 26052K, committed 26368K, reserved 1071104K
  class space    used 3452K, capacity 3756K, committed 3840K, reserved 1048576K
}
Event: 27.307 GC heap before
{Heap before GC invocations=10 (full 1):
 PSYoungGen      total 46592K, used 45977K [0x00000000f1f00000, 0x00000000f6280000, 0x0000000100000000)
  eden space 36864K, 98% used [0x00000000f1f00000,0x00000000f4266408,0x00000000f4300000)
  from space 9728K, 100% used [0x00000000f5000000,0x00000000f5980000,0x00000000f5980000)
  to   space 13312K, 0% used [0x00000000f4300000,0x00000000f4300000,0x00000000f5000000)
 ParOldGen       total 38400K, used 19274K [0x00000000d5c00000, 0x00000000d8180000, 0x00000000f1f00000)
  object space 38400K, 50% used [0x00000000d5c00000,0x00000000d6ed2b08,0x00000000d8180000)
 Metaspace       used 25729K, capacity 27478K, committed 27520K, reserved 1073152K
  class space    used 3590K, capacity 3929K, committed 3968K, reserved 1048576K
Event: 27.364 GC heap after
Heap after GC invocations=10 (full 1):
 PSYoungGen      total 50176K, used 13312K [0x00000000f1f00000, 0x00000000f7b80000, 0x0000000100000000)
  eden space 36864K, 0% used [0x00000000f1f00000,0x00000000f1f00000,0x00000000f4300000)
  from space 13312K, 100% used [0x00000000f4300000,0x00000000f5000000,0x00000000f5000000)
  to   space 19456K, 0% used [0x00000000f6880000,0x00000000f6880000,0x00000000f7b80000)
 ParOldGen       total 38400K, used 29197K [0x00000000d5c00000, 0x00000000d8180000, 0x00000000f1f00000)
  object space 38400K, 76% used [0x00000000d5c00000,0x00000000d7883688,0x00000000d8180000)
 Metaspace       used 25729K, capacity 27478K, committed 27520K, reserved 1073152K
  class space    used 3590K, capacity 3929K, committed 3968K, reserved 1048576K
}
Event: 27.364 GC heap before
{Heap before GC invocations=11 (full 2):
 PSYoungGen      total 50176K, used 13312K [0x00000000f1f00000, 0x00000000f7b80000, 0x0000000100000000)
  eden space 36864K, 0% used [0x00000000f1f00000,0x00000000f1f00000,0x00000000f4300000)
  from space 13312K, 100% used [0x00000000f4300000,0x00000000f5000000,0x00000000f5000000)
  to   space 19456K, 0% used [0x00000000f6880000,0x00000000f6880000,0x00000000f7b80000)
 ParOldGen       total 38400K, used 29197K [0x00000000d5c00000, 0x00000000d8180000, 0x00000000f1f00000)
  object space 38400K, 76% used [0x00000000d5c00000,0x00000000d7883688,0x00000000d8180000)
 Metaspace       used 25729K, capacity 27478K, committed 27520K, reserved 1073152K
  class space    used 3590K, capacity 3929K, committed 3968K, reserved 1048576K

