# JRE version: Java(TM) SE Runtime Environment (8.0_65-b17) (build 1.8.0_65-b17)
# Java VM: Java HotSpot(TM) 64-Bit Server VM (25.65-b01 mixed mode windows-amd64 compressed oops)
Heap:
 PSYoungGen      total 13312K, used 8115K [0x00000000f1f00000, 0x00000000f2d80000, 0x0000000100000000)
  eden space 11776K, 55% used [0x00000000f1f00000,0x00000000f256cc68,0x00000000f2a80000)
  from space 1536K, 100% used [0x00000000f2a80000,0x00000000f2c00000,0x00000000f2c00000)
  to   space 1536K, 0% used [0x00000000f2c00000,0x00000000f2c00000,0x00000000f2d80000)
 ParOldGen       total 30208K, used 15806K [0x00000000d5c00000, 0x00000000d7980000, 0x00000000f1f00000)
  object space 30208K, 52% used [0x00000000d5c00000,0x00000000d6b6f880,0x00000000d7980000)
 Metaspace       used 23620K, capacity 25160K, committed 25216K, reserved 1071104K
  class space    used 3402K, capacity 3670K, committed 3712K, reserved 1048576K
GC Heap History (10 events):
Event: 3.812 GC heap before
{Heap before GC invocations=4 (full 0):
 PSYoungGen      total 13312K, used 12827K [0x00000000f1f00000, 0x00000000f2d80000, 0x0000000100000000)
  eden space 11776K, 95% used [0x00000000f1f00000,0x00000000f2a06c50,0x00000000f2a80000)
  from space 1536K, 100% used [0x00000000f2a80000,0x00000000f2c00000,0x00000000f2c00000)
  to   space 1536K, 0% used [0x00000000f2c00000,0x00000000f2c00000,0x00000000f2d80000)
 ParOldGen       total 30208K, used 6145K [0x00000000d5c00000, 0x00000000d7980000, 0x00000000f1f00000)
  object space 30208K, 20% used [0x00000000d5c00000,0x00000000d62007e0,0x00000000d7980000)
 Metaspace       used 19067K, capacity 19782K, committed 19968K, reserved 1067008K
  class space    used 2560K, capacity 2735K, committed 2816K, reserved 1048576K
Event: 3.823 GC heap after
Heap after GC invocations=4 (full 0):
 PSYoungGen      total 13312K, used 1536K [0x00000000f1f00000, 0x00000000f2d80000, 0x0000000100000000)
  eden space 11776K, 0% used [0x00000000f1f00000,0x00000000f1f00000,0x00000000f2a80000)
  from space 1536K, 100% used [0x00000000f2c00000,0x00000000f2d80000,0x00000000f2d80000)
  to   space 1536K, 0% used [0x00000000f2a80000,0x00000000f2a80000,0x00000000f2c00000)
 ParOldGen       total 30208K, used 8225K [0x00000000d5c00000, 0x00000000d7980000, 0x00000000f1f00000)
  object space 30208K, 27% used [0x00000000d5c00000,0x00000000d6408698,0x00000000d7980000)
 Metaspace       used 19067K, capacity 19782K, committed 19968K, reserved 1067008K
  class space    used 2560K, capacity 2735K, committed 2816K, reserved 1048576K
}
Event: 3.939 GC heap before
{Heap before GC invocations=5 (full 0):
 PSYoungGen      total 13312K, used 13312K [0x00000000f1f00000, 0x00000000f2d80000, 0x0000000100000000)
  eden space 11776K, 100% used [0x00000000f1f00000,0x00000000f2a80000,0x00000000f2a80000)
  from space 1536K, 100% used [0x00000000f2c00000,0x00000000f2d80000,0x00000000f2d80000)
  to   space 1536K, 0% used [0x00000000f2a80000,0x00000000f2a80000,0x00000000f2c00000)
 ParOldGen       total 30208K, used 8225K [0x00000000d5c00000, 0x00000000d7980000, 0x00000000f1f00000)
  object space 30208K, 27% used [0x00000000d5c00000,0x00000000d6408698,0x00000000d7980000)
 Metaspace       used 19385K, capacity 20228K, committed 20480K, reserved 1067008K
  class space    used 2614K, capacity 2814K, committed 2816K, reserved 1048576K
Event: 3.949 GC heap after
Heap after GC invocations=5 (full 0):
 PSYoungGen      total 13312K, used 1517K [0x00000000f1f00000, 0x00000000f2d80000, 0x0000000100000000)
  eden space 11776K, 0% used [0x00000000f1f00000,0x00000000f1f00000,0x00000000f2a80000)
  from space 1536K, 98% used [0x00000000f2a80000,0x00000000f2bfb688,0x00000000f2c00000)
  to   space 1536K, 0% used [0x00000000f2c00000,0x00000000f2c00000,0x00000000f2d80000)
 ParOldGen       total 30208K, used 17607K [0x00000000d5c00000, 0x00000000d7980000, 0x00000000f1f00000)
  object space 30208K, 58% used [0x00000000d5c00000,0x00000000d6d31c18,0x00000000d7980000)
 Metaspace       used 19385K, capacity 20228K, committed 20480K, reserved 1067008K
  class space    used 2614K, capacity 2814K, committed 2816K, reserved 1048576K
}
Event: 4.457 GC heap before
{Heap before GC invocations=6 (full 0):
 PSYoungGen      total 13312K, used 10342K [0x00000000f1f00000, 0x00000000f2d80000, 0x0000000100000000)
  eden space 11776K, 74% used [0x00000000f1f00000,0x00000000f279e3c8,0x00000000f2a80000)
  from space 1536K, 98% used [0x00000000f2a80000,0x00000000f2bfb688,0x00000000f2c00000)
  to   space 1536K, 0% used [0x00000000f2c00000,0x00000000f2c00000,0x00000000f2d80000)
 ParOldGen       total 30208K, used 17607K [0x00000000d5c00000, 0x00000000d7980000, 0x00000000f1f00000)
  object space 30208K, 58% used [0x00000000d5c00000,0x00000000d6d31c18,0x00000000d7980000)
 Metaspace       used 20258K, capacity 21170K, committed 21296K, reserved 1067008K
  class space    used 2730K, capacity 2923K, committed 2944K, reserved 1048576K
Event: 4.468 GC heap after
Heap after GC invocations=6 (full 0):
 PSYoungGen      total 13312K, used 1494K [0x00000000f1f00000, 0x00000000f2d80000, 0x0000000100000000)
  eden space 11776K, 0% used [0x00000000f1f00000,0x00000000f1f00000,0x00000000f2a80000)
  from space 1536K, 97% used [0x00000000f2c00000,0x00000000f2d75ae8,0x00000000f2d80000)
  to   space 1536K, 0% used [0x00000000f2a80000,0x00000000f2a80000,0x00000000f2c00000)
 ParOldGen       total 30208K, used 18141K [0x00000000d5c00000, 0x00000000d7980000, 0x00000000f1f00000)
  object space 30208K, 60% used [0x00000000d5c00000,0x00000000d6db77b8,0x00000000d7980000)
 Metaspace       used 20258K, capacity 21170K, committed 21296K, reserved 1067008K
  class space    used 2730K, capacity 2923K, committed 2944K, reserved 1048576K
}
Event: 4.468 GC heap before
{Heap before GC invocations=7 (full 1):
 PSYoungGen      total 13312K, used 1494K [0x00000000f1f00000, 0x00000000f2d80000, 0x0000000100000000)
  eden space 11776K, 0% used [0x00000000f1f00000,0x00000000f1f00000,0x00000000f2a80000)
  from space 1536K, 97% used [0x00000000f2c00000,0x00000000f2d75ae8,0x00000000f2d80000)
  to   space 1536K, 0% used [0x00000000f2a80000,0x00000000f2a80000,0x00000000f2c00000)
 ParOldGen       total 30208K, used 18141K [0x00000000d5c00000, 0x00000000d7980000, 0x00000000f1f00000)
  object space 30208K, 60% used [0x00000000d5c00000,0x00000000d6db77b8,0x00000000d7980000)
 Metaspace       used 20258K, capacity 21170K, committed 21296K, reserved 1067008K
  class space    used 2730K, capacity 2923K, committed 2944K, reserved 1048576K
Event: 4.525 GC heap after
Heap after GC invocations=7 (full 1):
 PSYoungGen      total 13312K, used 0K [0x00000000f1f00000, 0x00000000f2d80000, 0x0000000100000000)
  eden space 11776K, 0% used [0x00000000f1f00000,0x00000000f1f00000,0x00000000f2a80000)
  from space 1536K, 0% used [0x00000000f2c00000,0x00000000f2c00000,0x00000000f2d80000)
  to   space 1536K, 0% used [0x00000000f2a80000,0x00000000f2a80000,0x00000000f2c00000)
 ParOldGen       total 30208K, used 15328K [0x00000000d5c00000, 0x00000000d7980000, 0x00000000f1f00000)
  object space 30208K, 50% used [0x00000000d5c00000,0x00000000d6af8320,0x00000000d7980000)
 Metaspace       used 20258K, capacity 21170K, committed 21296K, reserved 1067008K
  class space    used 2730K, capacity 2923K, committed 2944K, reserved 1048576K
}
Event: 5.296 GC heap before
{Heap before GC invocations=8 (full 1):
 PSYoungGen      total 13312K, used 11776K [0x00000000f1f00000, 0x00000000f2d80000, 0x0000000100000000)
  eden space 11776K, 100% used [0x00000000f1f00000,0x00000000f2a80000,0x00000000f2a80000)
  from space 1536K, 0% used [0x00000000f2c00000,0x00000000f2c00000,0x00000000f2d80000)
  to   space 1536K, 0% used [0x00000000f2a80000,0x00000000f2a80000,0x00000000f2c00000)
 ParOldGen       total 30208K, used 15328K [0x00000000d5c00000, 0x00000000d7980000, 0x00000000f1f00000)
  object space 30208K, 50% used [0x00000000d5c00000,0x00000000d6af8320,0x00000000d7980000)
 Metaspace       used 23065K, capacity 24462K, committed 24704K, reserved 1071104K
  class space    used 3323K, capacity 3603K, committed 3712K, reserved 1048576K
Event: 5.303 GC heap after
Heap after GC invocations=8 (full 1):
 PSYoungGen      total 13312K, used 1536K [0x00000000f1f00000, 0x00000000f2d80000, 0x0000000100000000)
  eden space 11776K, 0% used [0x00000000f1f00000,0x00000000f1f00000,0x00000000f2a80000)
  from space 1536K, 100% used [0x00000000f2a80000,0x00000000f2c00000,0x00000000f2c00000)
  to   space 1536K, 0% used [0x00000000f2c00000,0x00000000f2c00000,0x00000000f2d80000)
 ParOldGen       total 30208K, used 15806K [0x00000000d5c00000, 0x00000000d7980000, 0x00000000f1f00000)
  object space 30208K, 52% used [0x00000000d5c00000,0x00000000d6b6f880,0x00000000d7980000)
 Metaspace       used 23065K, capacity 24462K, committed 24704K, reserved 1071104K
  class space    used 3323K, capacity 3603K, committed 3712K, reserved 1048576K
}

