# JRE version: Java(TM) SE Runtime Environment (8.0_65-b17) (build 1.8.0_65-b17)
# Java VM: Java HotSpot(TM) 64-Bit Server VM (25.65-b01 mixed mode windows-amd64 compressed oops)
Heap:
 PSYoungGen      total 13312K, used 11376K [0x00000000f1f00000, 0x00000000f2d80000, 0x0000000100000000)
  eden space 11776K, 83% used [0x00000000f1f00000,0x00000000f28a4170,0x00000000f2a80000)
  from space 1536K, 97% used [0x00000000f2c00000,0x00000000f2d78100,0x00000000f2d80000)
  to   space 1536K, 0% used [0x00000000f2a80000,0x00000000f2a80000,0x00000000f2c00000)
 ParOldGen       total 34816K, used 14783K [0x00000000d5c00000, 0x00000000d7e00000, 0x00000000f1f00000)
  object space 34816K, 42% used [0x00000000d5c00000,0x00000000d6a6ff58,0x00000000d7e00000)
 Metaspace       used 27703K, capacity 29008K, committed 29056K, reserved 1075200K
  class space    used 3918K, capacity 4188K, committed 4224K, reserved 1048576K
GC Heap History (10 events):
Event: 15.400 GC heap before
{Heap before GC invocations=3 (full 0):
 PSYoungGen      total 13312K, used 13280K [0x00000000f1f00000, 0x00000000f2d80000, 0x0000000100000000)
  eden space 11776K, 100% used [0x00000000f1f00000,0x00000000f2a80000,0x00000000f2a80000)
  from space 1536K, 97% used [0x00000000f2c00000,0x00000000f2d78020,0x00000000f2d80000)
  to   space 1536K, 0% used [0x00000000f2a80000,0x00000000f2a80000,0x00000000f2c00000)
 ParOldGen       total 30208K, used 4296K [0x00000000d5c00000, 0x00000000d7980000, 0x00000000f1f00000)
  object space 30208K, 14% used [0x00000000d5c00000,0x00000000d6032130,0x00000000d7980000)
 Metaspace       used 17028K, capacity 17620K, committed 17792K, reserved 1064960K
  class space    used 2220K, capacity 2388K, committed 2432K, reserved 1048576K
Event: 15.417 GC heap after
Heap after GC invocations=3 (full 0):
 PSYoungGen      total 13312K, used 1520K [0x00000000f1f00000, 0x00000000f2d80000, 0x0000000100000000)
  eden space 11776K, 0% used [0x00000000f1f00000,0x00000000f1f00000,0x00000000f2a80000)
  from space 1536K, 98% used [0x00000000f2a80000,0x00000000f2bfc010,0x00000000f2c00000)
  to   space 1536K, 0% used [0x00000000f2c00000,0x00000000f2c00000,0x00000000f2d80000)
 ParOldGen       total 30208K, used 6158K [0x00000000d5c00000, 0x00000000d7980000, 0x00000000f1f00000)
  object space 30208K, 20% used [0x00000000d5c00000,0x00000000d6203bf8,0x00000000d7980000)
 Metaspace       used 17028K, capacity 17620K, committed 17792K, reserved 1064960K
  class space    used 2220K, capacity 2388K, committed 2432K, reserved 1048576K
}
Event: 21.459 GC heap before
{Heap before GC invocations=4 (full 0):
 PSYoungGen      total 13312K, used 13203K [0x00000000f1f00000, 0x00000000f2d80000, 0x0000000100000000)
  eden space 11776K, 99% used [0x00000000f1f00000,0x00000000f2a68d20,0x00000000f2a80000)
  from space 1536K, 98% used [0x00000000f2a80000,0x00000000f2bfc010,0x00000000f2c00000)
  to   space 1536K, 0% used [0x00000000f2c00000,0x00000000f2c00000,0x00000000f2d80000)
 ParOldGen       total 30208K, used 6158K [0x00000000d5c00000, 0x00000000d7980000, 0x00000000f1f00000)
  object space 30208K, 20% used [0x00000000d5c00000,0x00000000d6203bf8,0x00000000d7980000)
 Metaspace       used 19073K, capacity 19778K, committed 19968K, reserved 1067008K
  class space    used 2569K, capacity 2735K, committed 2816K, reserved 1048576K
Event: 21.469 GC heap after
Heap after GC invocations=4 (full 0):
 PSYoungGen      total 13312K, used 1536K [0x00000000f1f00000, 0x00000000f2d80000, 0x0000000100000000)
  eden space 11776K, 0% used [0x00000000f1f00000,0x00000000f1f00000,0x00000000f2a80000)
  from space 1536K, 100% used [0x00000000f2c00000,0x00000000f2d80000,0x00000000f2d80000)
  to   space 1536K, 0% used [0x00000000f2a80000,0x00000000f2a80000,0x00000000f2c00000)
 ParOldGen       total 30208K, used 8733K [0x00000000d5c00000, 0x00000000d7980000, 0x00000000f1f00000)
  object space 30208K, 28% used [0x00000000d5c00000,0x00000000d6487568,0x00000000d7980000)
 Metaspace       used 19073K, capacity 19778K, committed 19968K, reserved 1067008K
  class space    used 2569K, capacity 2735K, committed 2816K, reserved 1048576K
}
Event: 22.052 GC heap before
{Heap before GC invocations=5 (full 0):
 PSYoungGen      total 13312K, used 12844K [0x00000000f1f00000, 0x00000000f2d80000, 0x0000000100000000)
  eden space 11776K, 96% used [0x00000000f1f00000,0x00000000f2a0b120,0x00000000f2a80000)
  from space 1536K, 100% used [0x00000000f2c00000,0x00000000f2d80000,0x00000000f2d80000)
  to   space 1536K, 0% used [0x00000000f2a80000,0x00000000f2a80000,0x00000000f2c00000)
 ParOldGen       total 30208K, used 8733K [0x00000000d5c00000, 0x00000000d7980000, 0x00000000f1f00000)
  object space 30208K, 28% used [0x00000000d5c00000,0x00000000d6487568,0x00000000d7980000)
 Metaspace       used 20430K, capacity 21220K, committed 21296K, reserved 1067008K
  class space    used 2704K, capacity 2896K, committed 2944K, reserved 1048576K
Event: 22.063 GC heap after
Heap after GC invocations=5 (full 0):
 PSYoungGen      total 13312K, used 1526K [0x00000000f1f00000, 0x00000000f2d80000, 0x0000000100000000)
  eden space 11776K, 0% used [0x00000000f1f00000,0x00000000f1f00000,0x00000000f2a80000)
  from space 1536K, 99% used [0x00000000f2a80000,0x00000000f2bfdbb0,0x00000000f2c00000)
  to   space 1536K, 0% used [0x00000000f2c00000,0x00000000f2c00000,0x00000000f2d80000)
 ParOldGen       total 30208K, used 17644K [0x00000000d5c00000, 0x00000000d7980000, 0x00000000f1f00000)
  object space 30208K, 58% used [0x00000000d5c00000,0x00000000d6d3b3f0,0x00000000d7980000)
 Metaspace       used 20430K, capacity 21220K, committed 21296K, reserved 1067008K
  class space    used 2704K, capacity 2896K, committed 2944K, reserved 1048576K
}
Event: 22.063 GC heap before
{Heap before GC invocations=6 (full 1):
 PSYoungGen      total 13312K, used 1526K [0x00000000f1f00000, 0x00000000f2d80000, 0x0000000100000000)
  eden space 11776K, 0% used [0x00000000f1f00000,0x00000000f1f00000,0x00000000f2a80000)
  from space 1536K, 99% used [0x00000000f2a80000,0x00000000f2bfdbb0,0x00000000f2c00000)
  to   space 1536K, 0% used [0x00000000f2c00000,0x00000000f2c00000,0x00000000f2d80000)
 ParOldGen       total 30208K, used 17644K [0x00000000d5c00000, 0x00000000d7980000, 0x00000000f1f00000)
  object space 30208K, 58% used [0x00000000d5c00000,0x00000000d6d3b3f0,0x00000000d7980000)
 Metaspace       used 20430K, capacity 21220K, committed 21296K, reserved 1067008K
  class space    used 2704K, capacity 2896K, committed 2944K, reserved 1048576K
Event: 22.133 GC heap after
Heap after GC invocations=6 (full 1):
 PSYoungGen      total 13312K, used 0K [0x00000000f1f00000, 0x00000000f2d80000, 0x0000000100000000)
  eden space 11776K, 0% used [0x00000000f1f00000,0x00000000f1f00000,0x00000000f2a80000)
  from space 1536K, 0% used [0x00000000f2a80000,0x00000000f2a80000,0x00000000f2c00000)
  to   space 1536K, 0% used [0x00000000f2c00000,0x00000000f2c00000,0x00000000f2d80000)
 ParOldGen       total 34816K, used 14553K [0x00000000d5c00000, 0x00000000d7e00000, 0x00000000f1f00000)
  object space 34816K, 41% used [0x00000000d5c00000,0x00000000d6a36548,0x00000000d7e00000)
 Metaspace       used 20430K, capacity 21220K, committed 21296K, reserved 1067008K
  class space    used 2704K, capacity 2896K, committed 2944K, reserved 1048576K
}
Event: 68.340 GC heap before
{Heap before GC invocations=7 (full 1):
 PSYoungGen      total 13312K, used 11776K [0x00000000f1f00000, 0x00000000f2d80000, 0x0000000100000000)
  eden space 11776K, 100% used [0x00000000f1f00000,0x00000000f2a80000,0x00000000f2a80000)
  from space 1536K, 0% used [0x00000000f2a80000,0x00000000f2a80000,0x00000000f2c00000)
  to   space 1536K, 0% used [0x00000000f2c00000,0x00000000f2c00000,0x00000000f2d80000)
 ParOldGen       total 34816K, used 14553K [0x00000000d5c00000, 0x00000000d7e00000, 0x00000000f1f00000)
  object space 34816K, 41% used [0x00000000d5c00000,0x00000000d6a36548,0x00000000d7e00000)
 Metaspace       used 25302K, capacity 26272K, committed 26496K, reserved 1073152K
  class space    used 3401K, capacity 3618K, committed 3712K, reserved 1048576K
Event: 68.345 GC heap after
Heap after GC invocations=7 (full 1):
 PSYoungGen      total 13312K, used 1504K [0x00000000f1f00000, 0x00000000f2d80000, 0x0000000100000000)
  eden space 11776K, 0% used [0x00000000f1f00000,0x00000000f1f00000,0x00000000f2a80000)
  from space 1536K, 97% used [0x00000000f2c00000,0x00000000f2d78100,0x00000000f2d80000)
  to   space 1536K, 0% used [0x00000000f2a80000,0x00000000f2a80000,0x00000000f2c00000)
 ParOldGen       total 34816K, used 14783K [0x00000000d5c00000, 0x00000000d7e00000, 0x00000000f1f00000)
  object space 34816K, 42% used [0x00000000d5c00000,0x00000000d6a6ff58,0x00000000d7e00000)
 Metaspace       used 25302K, capacity 26272K, committed 26496K, reserved 1073152K
  class space    used 3401K, capacity 3618K, committed 3712K, reserved 1048576K
}

