# JRE version: Java(TM) SE Runtime Environment (8.0_65-b17) (build 1.8.0_65-b17)
# Java VM: Java HotSpot(TM) 64-Bit Server VM (25.65-b01 mixed mode windows-amd64 compressed oops)
Heap:
 PSYoungGen      total 13312K, used 10072K [0x00000000f1f00000, 0x00000000f3900000, 0x0000000100000000)
  eden space 11776K, 85% used [0x00000000f1f00000,0x00000000f28d62e8,0x00000000f2a80000)
  from space 1536K, 0% used [0x00000000f2c00000,0x00000000f2c00000,0x00000000f2d80000)
  to   space 1536K, 0% used [0x00000000f2a80000,0x00000000f2a80000,0x00000000f2c00000)
 ParOldGen       total 30208K, used 15316K [0x00000000d5c00000, 0x00000000d7980000, 0x00000000f1f00000)
  object space 30208K, 50% used [0x00000000d5c00000,0x00000000d6af5188,0x00000000d7980000)
 Metaspace       used 22663K, capacity 23924K, committed 24064K, reserved 1069056K
  class space    used 3265K, capacity 3500K, committed 3584K, reserved 1048576K
GC Heap History (10 events):
Event: 2.331 GC heap before
{Heap before GC invocations=3 (full 0):
 PSYoungGen      total 13312K, used 13280K [0x00000000f1f00000, 0x00000000f2d80000, 0x0000000100000000)
  eden space 11776K, 100% used [0x00000000f1f00000,0x00000000f2a80000,0x00000000f2a80000)
  from space 1536K, 97% used [0x00000000f2c00000,0x00000000f2d78020,0x00000000f2d80000)
  to   space 1536K, 0% used [0x00000000f2a80000,0x00000000f2a80000,0x00000000f2c00000)
 ParOldGen       total 30208K, used 4303K [0x00000000d5c00000, 0x00000000d7980000, 0x00000000f1f00000)
  object space 30208K, 14% used [0x00000000d5c00000,0x00000000d6033d18,0x00000000d7980000)
 Metaspace       used 16992K, capacity 17556K, committed 17792K, reserved 1064960K
  class space    used 2218K, capacity 2388K, committed 2432K, reserved 1048576K
Event: 2.339 GC heap after
Heap after GC invocations=3 (full 0):
 PSYoungGen      total 13312K, used 1504K [0x00000000f1f00000, 0x00000000f2d80000, 0x0000000100000000)
  eden space 11776K, 0% used [0x00000000f1f00000,0x00000000f1f00000,0x00000000f2a80000)
  from space 1536K, 97% used [0x00000000f2a80000,0x00000000f2bf8030,0x00000000f2c00000)
  to   space 1536K, 0% used [0x00000000f2c00000,0x00000000f2c00000,0x00000000f2d80000)
 ParOldGen       total 30208K, used 6165K [0x00000000d5c00000, 0x00000000d7980000, 0x00000000f1f00000)
  object space 30208K, 20% used [0x00000000d5c00000,0x00000000d62057f0,0x00000000d7980000)
 Metaspace       used 16992K, capacity 17556K, committed 17792K, reserved 1064960K
  class space    used 2218K, capacity 2388K, committed 2432K, reserved 1048576K
}
Event: 2.933 GC heap before
{Heap before GC invocations=4 (full 0):
 PSYoungGen      total 13312K, used 12771K [0x00000000f1f00000, 0x00000000f2d80000, 0x0000000100000000)
  eden space 11776K, 95% used [0x00000000f1f00000,0x00000000f2a00c50,0x00000000f2a80000)
  from space 1536K, 97% used [0x00000000f2a80000,0x00000000f2bf8030,0x00000000f2c00000)
  to   space 1536K, 0% used [0x00000000f2c00000,0x00000000f2c00000,0x00000000f2d80000)
 ParOldGen       total 30208K, used 6165K [0x00000000d5c00000, 0x00000000d7980000, 0x00000000f1f00000)
  object space 30208K, 20% used [0x00000000d5c00000,0x00000000d62057f0,0x00000000d7980000)
 Metaspace       used 19047K, capacity 19774K, committed 19968K, reserved 1067008K
  class space    used 2567K, capacity 2735K, committed 2816K, reserved 1048576K
Event: 2.942 GC heap after
Heap after GC invocations=4 (full 0):
 PSYoungGen      total 13312K, used 1520K [0x00000000f1f00000, 0x00000000f3900000, 0x0000000100000000)
  eden space 11776K, 0% used [0x00000000f1f00000,0x00000000f1f00000,0x00000000f2a80000)
  from space 1536K, 98% used [0x00000000f2c00000,0x00000000f2d7c010,0x00000000f2d80000)
  to   space 1536K, 0% used [0x00000000f2a80000,0x00000000f2a80000,0x00000000f2c00000)
 ParOldGen       total 30208K, used 8233K [0x00000000d5c00000, 0x00000000d7980000, 0x00000000f1f00000)
  object space 30208K, 27% used [0x00000000d5c00000,0x00000000d640a698,0x00000000d7980000)
 Metaspace       used 19047K, capacity 19774K, committed 19968K, reserved 1067008K
  class space    used 2567K, capacity 2735K, committed 2816K, reserved 1048576K
}
Event: 3.087 GC heap before
{Heap before GC invocations=5 (full 0):
 PSYoungGen      total 13312K, used 13296K [0x00000000f1f00000, 0x00000000f3900000, 0x0000000100000000)
  eden space 11776K, 100% used [0x00000000f1f00000,0x00000000f2a80000,0x00000000f2a80000)
  from space 1536K, 98% used [0x00000000f2c00000,0x00000000f2d7c010,0x00000000f2d80000)
  to   space 1536K, 0% used [0x00000000f2a80000,0x00000000f2a80000,0x00000000f2c00000)
 ParOldGen       total 30208K, used 8233K [0x00000000d5c00000, 0x00000000d7980000, 0x00000000f1f00000)
  object space 30208K, 27% used [0x00000000d5c00000,0x00000000d640a698,0x00000000d7980000)
 Metaspace       used 19375K, capacity 20220K, committed 20224K, reserved 1067008K
  class space    used 2621K, capacity 2814K, committed 2816K, reserved 1048576K
Event: 3.096 GC heap after
Heap after GC invocations=5 (full 0):
 PSYoungGen      total 13312K, used 1526K [0x00000000f1f00000, 0x00000000f3900000, 0x0000000100000000)
  eden space 11776K, 0% used [0x00000000f1f00000,0x00000000f1f00000,0x00000000f2a80000)
  from space 1536K, 99% used [0x00000000f2a80000,0x00000000f2bfdae8,0x00000000f2c00000)
  to   space 1536K, 0% used [0x00000000f2c00000,0x00000000f2c00000,0x00000000f2d80000)
 ParOldGen       total 30208K, used 17577K [0x00000000d5c00000, 0x00000000d7980000, 0x00000000f1f00000)
  object space 30208K, 58% used [0x00000000d5c00000,0x00000000d6d2a788,0x00000000d7980000)
 Metaspace       used 19375K, capacity 20220K, committed 20224K, reserved 1067008K
  class space    used 2621K, capacity 2814K, committed 2816K, reserved 1048576K
}
Event: 3.491 GC heap before
{Heap before GC invocations=6 (full 0):
 PSYoungGen      total 13312K, used 10585K [0x00000000f1f00000, 0x00000000f3900000, 0x0000000100000000)
  eden space 11776K, 76% used [0x00000000f1f00000,0x00000000f27d8a80,0x00000000f2a80000)
  from space 1536K, 99% used [0x00000000f2a80000,0x00000000f2bfdae8,0x00000000f2c00000)
  to   space 1536K, 0% used [0x00000000f2c00000,0x00000000f2c00000,0x00000000f2d80000)
 ParOldGen       total 30208K, used 17577K [0x00000000d5c00000, 0x00000000d7980000, 0x00000000f1f00000)
  object space 30208K, 58% used [0x00000000d5c00000,0x00000000d6d2a788,0x00000000d7980000)
 Metaspace       used 20263K, capacity 21132K, committed 21248K, reserved 1067008K
  class space    used 2741K, capacity 2958K, committed 3072K, reserved 1048576K
Event: 3.501 GC heap after
Heap after GC invocations=6 (full 0):
 PSYoungGen      total 13312K, used 1526K [0x00000000f1f00000, 0x00000000f3900000, 0x0000000100000000)
  eden space 11776K, 0% used [0x00000000f1f00000,0x00000000f1f00000,0x00000000f2a80000)
  from space 1536K, 99% used [0x00000000f2c00000,0x00000000f2d7dae8,0x00000000f2d80000)
  to   space 1536K, 0% used [0x00000000f2a80000,0x00000000f2a80000,0x00000000f2c00000)
 ParOldGen       total 30208K, used 18065K [0x00000000d5c00000, 0x00000000d7980000, 0x00000000f1f00000)
  object space 30208K, 59% used [0x00000000d5c00000,0x00000000d6da4788,0x00000000d7980000)
 Metaspace       used 20263K, capacity 21132K, committed 21248K, reserved 1067008K
  class space    used 2741K, capacity 2958K, committed 3072K, reserved 1048576K
}
Event: 3.501 GC heap before
{Heap before GC invocations=7 (full 1):
 PSYoungGen      total 13312K, used 1526K [0x00000000f1f00000, 0x00000000f3900000, 0x0000000100000000)
  eden space 11776K, 0% used [0x00000000f1f00000,0x00000000f1f00000,0x00000000f2a80000)
  from space 1536K, 99% used [0x00000000f2c00000,0x00000000f2d7dae8,0x00000000f2d80000)
  to   space 1536K, 0% used [0x00000000f2a80000,0x00000000f2a80000,0x00000000f2c00000)
 ParOldGen       total 30208K, used 18065K [0x00000000d5c00000, 0x00000000d7980000, 0x00000000f1f00000)
  object space 30208K, 59% used [0x00000000d5c00000,0x00000000d6da4788,0x00000000d7980000)
 Metaspace       used 20263K, capacity 21132K, committed 21248K, reserved 1067008K
  class space    used 2741K, capacity 2958K, committed 3072K, reserved 1048576K
Event: 3.544 GC heap after
Heap after GC invocations=7 (full 1):
 PSYoungGen      total 13312K, used 0K [0x00000000f1f00000, 0x00000000f3900000, 0x0000000100000000)
  eden space 11776K, 0% used [0x00000000f1f00000,0x00000000f1f00000,0x00000000f2a80000)
  from space 1536K, 0% used [0x00000000f2c00000,0x00000000f2c00000,0x00000000f2d80000)
  to   space 1536K, 0% used [0x00000000f2a80000,0x00000000f2a80000,0x00000000f2c00000)
 ParOldGen       total 30208K, used 15316K [0x00000000d5c00000, 0x00000000d7980000, 0x00000000f1f00000)
  object space 30208K, 50% used [0x00000000d5c00000,0x00000000d6af5188,0x00000000d7980000)
 Metaspace       used 20263K, capacity 21132K, committed 21248K, reserved 1067008K
  class space    used 2741K, capacity 2958K, committed 3072K, reserved 1048576K
}

